0 info it worked if it ends with ok
1 verbose cli [ '/usr/local/Cellar/node/0.10.35_2/bin/node',
1 verbose cli   '/usr/local/bin/npm',
1 verbose cli   'install',
1 verbose cli   '--save',
1 verbose cli   'https://github.com/bantonelli/patternlab-plugin-handlebars-helpers.git' ]
2 info using npm@3.10.9
3 info using node@v7.2.0
4 silly loadCurrentTree Starting
5 silly install loadCurrentTree
6 silly install readLocalPackageData
7 silly fetchPackageMetaData https://github.com/bantonelli/patternlab-plugin-handlebars-helpers.git
8 silly fetchOtherPackageData https://github.com/bantonelli/patternlab-plugin-handlebars-helpers.git
9 silly cache add args [ 'https://github.com/bantonelli/patternlab-plugin-handlebars-helpers.git',
9 silly cache add   null ]
10 verbose cache add spec https://github.com/bantonelli/patternlab-plugin-handlebars-helpers.git
11 silly cache add parsed spec Result {
11 silly cache add   raw: 'https://github.com/bantonelli/patternlab-plugin-handlebars-helpers.git',
11 silly cache add   scope: null,
11 silly cache add   escapedName: null,
11 silly cache add   name: null,
11 silly cache add   rawSpec: 'https://github.com/bantonelli/patternlab-plugin-handlebars-helpers.git',
11 silly cache add   spec: 'git+https://github.com/bantonelli/patternlab-plugin-handlebars-helpers.git',
11 silly cache add   type: 'hosted',
11 silly cache add   hosted:
11 silly cache add    { type: 'github',
11 silly cache add      ssh: 'git@github.com:bantonelli/patternlab-plugin-handlebars-helpers.git',
11 silly cache add      sshUrl: 'git+ssh://git@github.com/bantonelli/patternlab-plugin-handlebars-helpers.git',
11 silly cache add      httpsUrl: 'git+https://github.com/bantonelli/patternlab-plugin-handlebars-helpers.git',
11 silly cache add      gitUrl: 'git://github.com/bantonelli/patternlab-plugin-handlebars-helpers.git',
11 silly cache add      shortcut: 'github:bantonelli/patternlab-plugin-handlebars-helpers',
11 silly cache add      directUrl: 'https://raw.githubusercontent.com/bantonelli/patternlab-plugin-handlebars-helpers/master/package.json' } }
12 verbose addRemoteGit caching https://github.com/bantonelli/patternlab-plugin-handlebars-helpers.git
13 verbose addRemoteGit git+https://github.com/bantonelli/patternlab-plugin-handlebars-helpers.git is a repository hosted by github
14 silly tryClone cloning git+https://github.com/bantonelli/patternlab-plugin-handlebars-helpers.git via git+https://github.com/bantonelli/patternlab-plugin-handlebars-helpers.git
15 verbose tryClone git-https-github-com-bantonelli-patternlab-plugin-handlebars-helpers-git-b96c5be5 not in flight; caching
16 verbose correctMkdir /Users/brandonantonelli/.npm/_git-remotes correctMkdir not in flight; initializing
17 info git [ 'clone',
17 info git   '--template=/Users/brandonantonelli/.npm/_git-remotes/_templates',
17 info git   '--mirror',
17 info git   'https://github.com/bantonelli/patternlab-plugin-handlebars-helpers.git',
17 info git   '/Users/brandonantonelli/.npm/_git-remotes/git-https-github-com-bantonelli-patternlab-plugin-handlebars-helpers-git-b96c5be5' ]
18 verbose mirrorRemote git+https://github.com/bantonelli/patternlab-plugin-handlebars-helpers.git git clone https://github.com/bantonelli/patternlab-plugin-handlebars-helpers.git
19 verbose correctMkdir /Users/brandonantonelli/.npm/_git-remotes correctMkdir not in flight; initializing
20 verbose setPermissions git+https://github.com/bantonelli/patternlab-plugin-handlebars-helpers.git set permissions on /Users/brandonantonelli/.npm/_git-remotes/git-https-github-com-bantonelli-patternlab-plugin-handlebars-helpers-git-b96c5be5
21 verbose resolveHead git+https://github.com/bantonelli/patternlab-plugin-handlebars-helpers.git original treeish: master
22 info git [ 'rev-list', '-n1', 'master' ]
23 silly resolveHead git+https://github.com/bantonelli/patternlab-plugin-handlebars-helpers.git resolved treeish: 6eb31eda48c1f6acfa14a9f75e04d8ebdc365ef6
24 verbose resolveHead git+https://github.com/bantonelli/patternlab-plugin-handlebars-helpers.git resolved Git URL: git+https://github.com/bantonelli/patternlab-plugin-handlebars-helpers.git#6eb31eda48c1f6acfa14a9f75e04d8ebdc365ef6
25 silly resolveHead Git working directory: /var/folders/t2/l2299tws0z9_n3td50qq6z7h0000gn/T/npm-2383-baea717a/git-cache-4eb37a18/6eb31eda48c1f6acfa14a9f75e04d8ebdc365ef6
26 info git [ 'clone',
26 info git   '/Users/brandonantonelli/.npm/_git-remotes/git-https-github-com-bantonelli-patternlab-plugin-handlebars-helpers-git-b96c5be5',
26 info git   '/var/folders/t2/l2299tws0z9_n3td50qq6z7h0000gn/T/npm-2383-baea717a/git-cache-4eb37a18/6eb31eda48c1f6acfa14a9f75e04d8ebdc365ef6' ]
27 verbose cloneResolved git+https://github.com/bantonelli/patternlab-plugin-handlebars-helpers.git clone Cloning into '/var/folders/t2/l2299tws0z9_n3td50qq6z7h0000gn/T/npm-2383-baea717a/git-cache-4eb37a18/6eb31eda48c1f6acfa14a9f75e04d8ebdc365ef6'...
27 verbose cloneResolved done.
28 info git [ 'checkout', '6eb31eda48c1f6acfa14a9f75e04d8ebdc365ef6' ]
29 verbose checkoutTreeish git+https://github.com/bantonelli/patternlab-plugin-handlebars-helpers.git checkout Note: checking out '6eb31eda48c1f6acfa14a9f75e04d8ebdc365ef6'.
29 verbose checkoutTreeish
29 verbose checkoutTreeish You are in 'detached HEAD' state. You can look around, make experimental
29 verbose checkoutTreeish changes and commit them, and you can discard any commits you make in this
29 verbose checkoutTreeish state without impacting any branches by performing another checkout.
29 verbose checkoutTreeish
29 verbose checkoutTreeish If you want to create a new branch to retain commits you create, you may
29 verbose checkoutTreeish do so (now or later) by using -b with the checkout command again. Example:
29 verbose checkoutTreeish
29 verbose checkoutTreeish   git checkout -b <new-branch-name>
29 verbose checkoutTreeish
29 verbose checkoutTreeish HEAD is now at 6eb31ed... initial commit
30 info git [ 'submodule', '-q', 'update', '--init', '--recursive' ]
31 verbose updateSubmodules git+https://github.com/bantonelli/patternlab-plugin-handlebars-helpers.git submodule update
32 verbose addLocalDirectory /Users/brandonantonelli/.npm/plugin-node-handlebars-helper-listitems/0.0.2/package.tgz not in flight; packing
33 verbose correctMkdir /Users/brandonantonelli/.npm correctMkdir not in flight; initializing
34 verbose tar pack [ '/Users/brandonantonelli/.npm/plugin-node-handlebars-helper-listitems/0.0.2/package.tgz',
34 verbose tar pack   '/var/folders/t2/l2299tws0z9_n3td50qq6z7h0000gn/T/npm-2383-baea717a/git-cache-4eb37a18/6eb31eda48c1f6acfa14a9f75e04d8ebdc365ef6' ]
35 verbose tarball /Users/brandonantonelli/.npm/plugin-node-handlebars-helper-listitems/0.0.2/package.tgz
36 verbose folder /var/folders/t2/l2299tws0z9_n3td50qq6z7h0000gn/T/npm-2383-baea717a/git-cache-4eb37a18/6eb31eda48c1f6acfa14a9f75e04d8ebdc365ef6
37 verbose addLocalTarball adding from inside cache /Users/brandonantonelli/.npm/plugin-node-handlebars-helper-listitems/0.0.2/package.tgz
38 verbose correctMkdir /Users/brandonantonelli/.npm correctMkdir not in flight; initializing
39 verbose addRemoteGit data._from: git+https://github.com/bantonelli/patternlab-plugin-handlebars-helpers.git
40 verbose addRemoteGit data._resolved: git+https://github.com/bantonelli/patternlab-plugin-handlebars-helpers.git#6eb31eda48c1f6acfa14a9f75e04d8ebdc365ef6
41 silly cache afterAdd plugin-node-handlebars-helper-listitems@0.0.2
42 verbose afterAdd /Users/brandonantonelli/.npm/plugin-node-handlebars-helper-listitems/0.0.2/package/package.json not in flight; writing
43 verbose correctMkdir /Users/brandonantonelli/.npm correctMkdir not in flight; initializing
44 verbose afterAdd /Users/brandonantonelli/.npm/plugin-node-handlebars-helper-listitems/0.0.2/package/package.json written
45 silly install normalizeTree
46 silly loadCurrentTree Finishing
47 silly loadIdealTree Starting
48 silly install loadIdealTree
49 silly cloneCurrentTree Starting
50 silly install cloneCurrentTreeToIdealTree
51 silly cloneCurrentTree Finishing
52 silly loadShrinkwrap Starting
53 silly install loadShrinkwrap
54 silly loadShrinkwrap Finishing
55 silly loadAllDepsIntoIdealTree Starting
56 silly install loadAllDepsIntoIdealTree
57 silly rollbackFailedOptional Starting
58 silly rollbackFailedOptional Finishing
59 silly runTopLevelLifecycles Finishing
60 silly install printInstalled
61 verbose stack Error: Refusing to install plugin-node-handlebars-helper-listitems as a dependency of itself
61 verbose stack     at checkSelf (/usr/local/lib/node_modules/npm/lib/install/validate-args.js:53:14)
61 verbose stack     at Array.<anonymous> (/usr/local/lib/node_modules/npm/node_modules/slide/lib/bind-actor.js:15:8)
61 verbose stack     at LOOP (/usr/local/lib/node_modules/npm/node_modules/slide/lib/chain.js:15:14)
61 verbose stack     at chain (/usr/local/lib/node_modules/npm/node_modules/slide/lib/chain.js:20:5)
61 verbose stack     at /usr/local/lib/node_modules/npm/lib/install/validate-args.js:16:5
61 verbose stack     at /usr/local/lib/node_modules/npm/node_modules/slide/lib/async-map.js:52:35
61 verbose stack     at Array.forEach (native)
61 verbose stack     at /usr/local/lib/node_modules/npm/node_modules/slide/lib/async-map.js:52:11
61 verbose stack     at Array.forEach (native)
61 verbose stack     at asyncMap (/usr/local/lib/node_modules/npm/node_modules/slide/lib/async-map.js:51:8)
62 verbose cwd /Users/brandonantonelli/Developer/ProEdify/handlebars-plugin/patternlab-plugin-handlebars-helpers
63 error Darwin 15.6.0
64 error argv "/usr/local/Cellar/node/0.10.35_2/bin/node" "/usr/local/bin/npm" "install" "--save" "https://github.com/bantonelli/patternlab-plugin-handlebars-helpers.git"
65 error node v7.2.0
66 error npm  v3.10.9
67 error code ENOSELF
68 error Refusing to install plugin-node-handlebars-helper-listitems as a dependency of itself
69 error If you need help, you may report this error at:
69 error     <https://github.com/npm/npm/issues>
70 verbose exit [ 1, true ]
